# JRE version: OpenJDK Runtime Environment (11.0.11+9) (build 11.0.11+9-Ubuntu-0ubuntu2)
# Java VM: OpenJDK 64-Bit Server VM (11.0.11+9-Ubuntu-0ubuntu2, mixed mode, sharing, tiered, compressed oops, g1 gc, linux-amd64)
Heap:
 garbage-first heap   total 665600K, used 114304K [0x000000060c400000, 0x0000000800000000)
  region size 2048K, 54 young (110592K), 6 survivors (12288K)
 Metaspace       used 47488K, capacity 48811K, committed 49072K, reserved 1091584K
  class space    used 6145K, capacity 6655K, committed 6656K, reserved 1048576K
GC Heap History (10 events):
Event: 0.401 GC heap before
{Heap before GC invocations=0 (full 0):
 garbage-first heap   total 516096K, used 25288K [0x000000060c400000, 0x0000000800000000)
  region size 2048K, 12 young (24576K), 0 survivors (0K)
 Metaspace       used 5001K, capacity 7175K, committed 7296K, reserved 1056768K
  class space    used 585K, capacity 829K, committed 896K, reserved 1048576K
}
Event: 0.410 GC heap after
{Heap after GC invocations=1 (full 0):
 garbage-first heap   total 516096K, used 6461K [0x000000060c400000, 0x0000000800000000)
  region size 2048K, 2 young (4096K), 2 survivors (4096K)
 Metaspace       used 5001K, capacity 7175K, committed 7296K, reserved 1056768K
  class space    used 585K, capacity 829K, committed 896K, reserved 1048576K
}
Event: 0.646 GC heap before
{Heap before GC invocations=1 (full 0):
 garbage-first heap   total 516096K, used 31037K [0x000000060c400000, 0x0000000800000000)
  region size 2048K, 14 young (28672K), 2 survivors (4096K)
 Metaspace       used 10123K, capacity 11132K, committed 11520K, reserved 1058816K
  class space    used 1301K, capacity 1449K, committed 1536K, reserved 1048576K
}
Event: 0.653 GC heap after
{Heap after GC invocations=2 (full 0):
 garbage-first heap   total 516096K, used 7619K [0x000000060c400000, 0x0000000800000000)
  region size 2048K, 1 young (2048K), 1 survivors (2048K)
 Metaspace       used 10123K, capacity 11132K, committed 11520K, reserved 1058816K
  class space    used 1301K, capacity 1449K, committed 1536K, reserved 1048576K
}
Event: 0.978 GC heap before
{Heap before GC invocations=2 (full 0):
 garbage-first heap   total 516096K, used 60867K [0x000000060c400000, 0x0000000800000000)
  region size 2048K, 29 young (59392K), 1 survivors (2048K)
 Metaspace       used 17635K, capacity 18201K, committed 18432K, reserved 1064960K
  class space    used 2272K, capacity 2481K, committed 2560K, reserved 1048576K
}
Event: 0.985 GC heap after
{Heap after GC invocations=3 (full 0):
 garbage-first heap   total 516096K, used 9751K [0x000000060c400000, 0x0000000800000000)
  region size 2048K, 2 young (4096K), 2 survivors (4096K)
 Metaspace       used 17635K, capacity 18201K, committed 18432K, reserved 1064960K
  class space    used 2272K, capacity 2481K, committed 2560K, reserved 1048576K
}
Event: 1.335 GC heap before
{Heap before GC invocations=3 (full 0):
 garbage-first heap   total 516096K, used 50711K [0x000000060c400000, 0x0000000800000000)
  region size 2048K, 23 young (47104K), 2 survivors (4096K)
 Metaspace       used 20603K, capacity 21239K, committed 21296K, reserved 1067008K
  class space    used 2673K, capacity 2938K, committed 2944K, reserved 1048576K
}
Event: 1.341 GC heap after
{Heap after GC invocations=4 (full 0):
 garbage-first heap   total 516096K, used 11385K [0x000000060c400000, 0x0000000800000000)
  region size 2048K, 3 young (6144K), 3 survivors (6144K)
 Metaspace       used 20603K, capacity 21239K, committed 21296K, reserved 1067008K
  class space    used 2673K, capacity 2938K, committed 2944K, reserved 1048576K
}
Event: 2.418 GC heap before
{Heap before GC invocations=5 (full 0):
 garbage-first heap   total 516096K, used 105593K [0x000000060c400000, 0x0000000800000000)
  region size 2048K, 50 young (102400K), 3 survivors (6144K)
 Metaspace       used 34609K, capacity 35592K, committed 35888K, reserved 1081344K
  class space    used 4457K, capacity 4872K, committed 4992K, reserved 1048576K
}
Event: 2.435 GC heap after
{Heap after GC invocations=6 (full 0):
 garbage-first heap   total 665600K, used 18048K [0x000000060c400000, 0x0000000800000000)
  region size 2048K, 6 young (12288K), 6 survivors (12288K)
 Metaspace       used 34609K, capacity 35592K, committed 35888K, reserved 1081344K
  class space    used 4457K, capacity 4872K, committed 4992K, reserved 1048576K
}

